<?xml version="1.0" encoding="UTF-8"?>
<testsuite xmlns:xsi="http://www.w3.org/2001/XMLSchema-instance" xsi:noNamespaceSchemaLocation="https://maven.apache.org/surefire/maven-surefire-plugin/xsd/surefire-test-report.xsd" version="3.0.2" name="pe.du.vallegrande.VaccineDetail.VaccineDetailApplicationTests" time="2.919" tests="1" errors="0" skipped="0" failures="0">
  <properties>
[...]
</properties>
  <testcase name="contextLoads" classname="pe.du.vallegrande.VaccineDetail.VaccineDetailApplicationTests" time="0.566">
    <system-out><![CDATA[00:47:26.177 [main] INFO org.springframework.test.context.support.AnnotationConfigContextLoaderUtils -- Could not detect default configuration classes for test class [pe.du.vallegrande.VaccineDetail.VaccineDetailApplicationTests]: VaccineDetailApplicationTests does not declare any static, non-private, non-final, nested classes annotated with @Configuration.
00:47:26.283 [main] INFO org.springframework.boot.test.context.SpringBootTestContextBootstrapper -- Found @SpringBootConfiguration pe.du.vallegrande.VaccineDetail.VaccineDetailApplication for test class pe.du.vallegrande.VaccineDetail.VaccineDetailApplicationTests
00:47:26.401 [main] INFO org.springframework.boot.devtools.restart.RestartApplicationListener -- Restart disabled due to context in which it is running

  .   ____          _            __ _ _
 /\\ / ___'_ __ _ _(_)_ __  __ _ \ \ \ \
( ( )\___ | '_ | '_| | '_ \/ _` | \ \ \ \
 \\/  ___)| |_)| | | | | || (_| |  ) ) ) )
  '  |____| .__|_| |_|_| |_\__, | / / / /
 =========|_|==============|___/=/_/_/_/

 :: Spring Boot ::                (v3.4.3)

2025-05-02T00:47:26.638Z  INFO 1357 --- [VaccineDetail] [           main] p.d.v.V.VaccineDetailApplicationTests    : Starting VaccineDetailApplicationTests using Java 17.0.14 with PID 1357 (started by gitpod in /workspace/ms-vaccinedetail)
2025-05-02T00:47:26.639Z  INFO 1357 --- [VaccineDetail] [           main] p.d.v.V.VaccineDetailApplicationTests    : No active profile set, falling back to 1 default profile: "default"
2025-05-02T00:47:27.173Z  INFO 1357 --- [VaccineDetail] [           main] .s.d.r.c.RepositoryConfigurationDelegate : Bootstrapping Spring Data R2DBC repositories in DEFAULT mode.
2025-05-02T00:47:27.272Z  INFO 1357 --- [VaccineDetail] [           main] .s.d.r.c.RepositoryConfigurationDelegate : Finished Spring Data repository scanning in 93 ms. Found 1 R2DBC repository interface.
2025-05-02T00:47:28.176Z  INFO 1357 --- [VaccineDetail] [           main] o.s.v.b.OptionalValidatorFactoryBean     : Failed to set up a Bean Validation provider: jakarta.validation.NoProviderFoundException: Unable to create a Configuration, because no Jakarta Bean Validation provider could be found. Add a provider like Hibernate Validator (RI) to your classpath.
2025-05-02T00:47:28.386Z  INFO 1357 --- [VaccineDetail] [           main] p.d.v.V.VaccineDetailApplicationTests    : Started VaccineDetailApplicationTests in 1.993 seconds (process running for 2.825)
]]></system-out>
  </testcase>
</testsuite>